<?xml version="1.0" encoding="UTF-8"?>
<testng-results ignored="0" total="1" passed="1" failed="0" skipped="0">
  <reporter-output>
  </reporter-output>
  <suite started-at="2018-07-10T22:43:15Z" name="E-commerce Shopping" finished-at="2018-07-10T22:43:46Z" duration-ms="30691">
    <groups>
    </groups>
    <test started-at="2018-07-10T22:43:15Z" name="Test" finished-at="2018-07-10T22:43:46Z" duration-ms="30691">
      <class name="tests.SignInPageTest_ValidAcc">
        <test-method is-config="true" signature="initTestBaseSetup(java.lang.String, java.lang.String)[pri:0, instance:tests.SignInPageTest_ValidAcc@44a7bfbc]" started-at="2018-07-10T22:43:15Z" name="initTestBaseSetup" finished-at="2018-07-10T22:43:37Z" duration-ms="21618" status="PASS">
          <params>
            <param index="0">
              <value>
                <![CDATA[firefox]]>
              </value>
            </param>
            <param index="1">
              <value>
                <![CDATA[http://automationpractice.com/index.php]]>
              </value>
            </param>
          </params>
          <reporter-output>
          </reporter-output>
        </test-method> <!-- initTestBaseSetup -->
        <test-method is-config="true" signature="setUP()[pri:0, instance:tests.SignInPageTest_ValidAcc@44a7bfbc]" started-at="2018-07-10T22:43:37Z" name="setUP" finished-at="2018-07-10T22:43:37Z" duration-ms="43" status="PASS">
          <reporter-output>
          </reporter-output>
        </test-method> <!-- setUP -->
        <test-method signature="signInValidAccount()[pri:0, instance:tests.SignInPageTest_ValidAcc@44a7bfbc]" started-at="2018-07-10T22:43:37Z" name="signInValidAccount" finished-at="2018-07-10T22:43:43Z" duration-ms="6209" status="PASS">
          <reporter-output>
          </reporter-output>
        </test-method> <!-- signInValidAccount -->
        <test-method is-config="true" signature="tearDown()[pri:0, instance:tests.SignInPageTest_ValidAcc@44a7bfbc]" started-at="2018-07-10T22:43:43Z" name="tearDown" finished-at="2018-07-10T22:43:46Z" duration-ms="2792" status="PASS">
          <reporter-output>
          </reporter-output>
        </test-method> <!-- tearDown -->
      </class> <!-- tests.SignInPageTest_ValidAcc -->
    </test> <!-- Test -->
  </suite> <!-- E-commerce Shopping -->
</testng-results>
