<?xml version="1.0" encoding="UTF-8"?>
<testng-results ignored="0" total="1" passed="1" failed="0" skipped="0">
  <reporter-output>
  </reporter-output>
  <suite started-at="2018-07-19T06:57:40Z" name="E-commerce Shopping" finished-at="2018-07-19T06:57:40Z" duration-ms="0">
    <groups>
    </groups>
  </suite> <!-- E-commerce Shopping -->
  <suite started-at="2018-07-19T06:57:05Z" name="E-commerce Shopping (0)" finished-at="2018-07-19T06:57:40Z" duration-ms="34733">
    <groups>
    </groups>
    <test started-at="2018-07-19T06:57:05Z" name="Test" finished-at="2018-07-19T06:57:40Z" duration-ms="34733">
      <class name="testPackage.SignInPageTest_CreateNewAcc">
        <test-method is-config="true" signature="initTestBaseSetup(java.lang.String, java.lang.String)[pri:0, instance:testPackage.SignInPageTest_CreateNewAcc@74fe5c40]" started-at="2018-07-19T06:57:05Z" name="initTestBaseSetup" finished-at="2018-07-19T06:57:26Z" duration-ms="21336" status="PASS">
          <params>
            <param index="0">
              <value>
                <![CDATA[fire_fox]]>
              </value>
            </param>
            <param index="1">
              <value>
                <![CDATA[http://automationpractice.com/index.php]]>
              </value>
            </param>
          </params>
          <reporter-output>
          </reporter-output>
        </test-method> <!-- initTestBaseSetup -->
        <test-method is-config="true" signature="setUP()[pri:0, instance:testPackage.SignInPageTest_CreateNewAcc@74fe5c40]" started-at="2018-07-19T06:57:26Z" name="setUP" finished-at="2018-07-19T06:57:27Z" duration-ms="62" status="PASS">
          <reporter-output>
          </reporter-output>
        </test-method> <!-- setUP -->
        <test-method signature="createNewAccount(java.lang.String, java.lang.String, java.lang.String, java.lang.String, java.lang.String, java.lang.String, java.lang.String, java.lang.String, java.lang.String, java.lang.String, java.lang.String, java.lang.String, java.lang.String, java.lang.String, java.lang.String)[pri:0, instance:testPackage.SignInPageTest_CreateNewAcc@74fe5c40]" started-at="2018-07-19T06:57:27Z" name="createNewAccount" data-provider="new_accounts" finished-at="2018-07-19T06:57:37Z" duration-ms="10449" status="PASS">
          <params>
            <param index="0">
              <value>
                <![CDATA[user005@gmail.com]]>
              </value>
            </param>
            <param index="1">
              <value>
                <![CDATA[Mrs.]]>
              </value>
            </param>
            <param index="2">
              <value>
                <![CDATA[fname]]>
              </value>
            </param>
            <param index="3">
              <value>
                <![CDATA[lname]]>
              </value>
            </param>
            <param index="4">
              <value>
                <![CDATA[pass001]]>
              </value>
            </param>
            <param index="5">
              <value>
                <![CDATA[1]]>
              </value>
            </param>
            <param index="6">
              <value>
                <![CDATA[5]]>
              </value>
            </param>
            <param index="7">
              <value>
                <![CDATA[1983]]>
              </value>
            </param>
            <param index="8">
              <value>
                <![CDATA[address1]]>
              </value>
            </param>
            <param index="9">
              <value>
                <![CDATA[city1]]>
              </value>
            </param>
            <param index="10">
              <value>
                <![CDATA[1]]>
              </value>
            </param>
            <param index="11">
              <value>
                <![CDATA[00025]]>
              </value>
            </param>
            <param index="12">
              <value>
                <![CDATA[21]]>
              </value>
            </param>
            <param index="13">
              <value>
                <![CDATA[0902477905]]>
              </value>
            </param>
            <param index="14">
              <value>
                <![CDATA[alias1]]>
              </value>
            </param>
          </params>
          <reporter-output>
          </reporter-output>
        </test-method> <!-- createNewAccount -->
        <test-method is-config="true" signature="tearDown()[pri:0, instance:testPackage.SignInPageTest_CreateNewAcc@74fe5c40]" started-at="2018-07-19T06:57:37Z" name="tearDown" finished-at="2018-07-19T06:57:40Z" duration-ms="2772" status="PASS">
          <reporter-output>
          </reporter-output>
        </test-method> <!-- tearDown -->
      </class> <!-- testPackage.SignInPageTest_CreateNewAcc -->
    </test> <!-- Test -->
  </suite> <!-- E-commerce Shopping (0) -->
</testng-results>
