<?xml version="1.0" encoding="UTF-8"?>
<!-- Generated by org.testng.reporters.JUnitXMLReporter -->
<testsuite ignored="0" hostname="CSCAUSAH786981" failures="3" tests="8" name="Test" time="111.512" errors="0" timestamp="18 Jul. 2018 11:59:57 GMT">
  <testcase classname="testPackage.SignInPageTest_ValidAcc" name="signInValidAccount" time="5.276"/>
  <testcase classname="testPackage.SignInPageTest_ValidAcc" name="signInValidAccount" time="4.962">
    <failure type="java.lang.AssertionError" message="Error on sign-in page. Unable to navigate my account page">
      <![CDATA[java.lang.AssertionError: Error on sign-in page. Unable to navigate my account page
at testPackage.SignInPageTest_ValidAcc.signInValidAccount(SignInPageTest_ValidAcc.java:56)
... Removed 25 stack frames]]>
    </failure>
  </testcase> <!-- signInValidAccount -->
  <testcase classname="testPackage.SignInPageTest_ValidAcc" name="signInValidAccount" time="5.009">
    <failure type="java.lang.AssertionError" message="Error on sign-in page. Unable to navigate my account page">
      <![CDATA[java.lang.AssertionError: Error on sign-in page. Unable to navigate my account page
at testPackage.SignInPageTest_ValidAcc.signInValidAccount(SignInPageTest_ValidAcc.java:56)
... Removed 25 stack frames]]>
    </failure>
  </testcase> <!-- signInValidAccount -->
  <testcase classname="testPackage.SignInPageTest_InvalidAcc" name="signInNotValidAccount" time="4.668"/>
  <testcase classname="testPackage.SignInPageTest_InvalidAcc" name="signInNotValidAccount" time="4.9"/>
  <testcase classname="testPackage.SignInPageTest_InvalidAcc" name="signInNotValidAccount" time="4.612"/>
  <testcase classname="testPackage.SignInPageTest_InvalidAcc" name="signInNotValidAccount" time="4.598"/>
  <testcase classname="testPackage.SignInPageTest_CreateNewAcc" name="createNewAccount" time="0.005">
    <failure type="org.testng.internal.reflect.MethodMatcherException" message="
Data provider mismatch
Method: createNewAccount([Parameter{index=0, type=java.lang.String, declaredAnnotations=[]}, Parameter{index=1, type=java.lang.String, declaredAnnotations=[]}, Parameter{index=2, type=java.lang.String, declaredAnnotations=[]}, Parameter{index=3, type=java.lang.String, declaredAnnotations=[]}, Parameter{index=4, type=java.lang.String, declaredAnnotations=[]}, Parameter{index=5, type=java.lang.String, declaredAnnotations=[]}, Parameter{index=6, type=java.lang.String, declaredAnnotations=[]}, Parameter{index=7, type=java.lang.String, declaredAnnotations=[]}, Parameter{index=8, type=java.lang.String, declaredAnnotations=[]}, Parameter{index=9, type=java.lang.String, declaredAnnotations=[]}, Parameter{index=10, type=java.lang.String, declaredAnnotations=[]}, Parameter{index=11, type=java.lang.String, declaredAnnotations=[]}, Parameter{index=12, type=java.lang.String, declaredAnnotations=[]}, Parameter{index=13, type=java.lang.String, declaredAnnotations=[]}, Parameter{index=14, type=java.lang.String, declaredAnnotations=[]}])
Arguments: [(java.lang.String) fname,(java.lang.String) lname,(java.lang.String) user002@gmail,(java.lang.String) pass001,(java.lang.String) 1,(java.lang.String) January,(java.lang.String) 1984,(java.lang.String) address1,(java.lang.String) city1,(java.lang.String) Alabama,(java.lang.String) 000025,(java.lang.String) United States,(java.lang.String) 0902477905,(java.lang.String) alias1]">
      <![CDATA[org.testng.internal.reflect.MethodMatcherException: 
Data provider mismatch
Method: createNewAccount([Parameter{index=0, type=java.lang.String, declaredAnnotations=[]}, Parameter{index=1, type=java.lang.String, declaredAnnotations=[]}, Parameter{index=2, type=java.lang.String, declaredAnnotations=[]}, Parameter{index=3, type=java.lang.String, declaredAnnotations=[]}, Parameter{index=4, type=java.lang.String, declaredAnnotations=[]}, Parameter{index=5, type=java.lang.String, declaredAnnotations=[]}, Parameter{index=6, type=java.lang.String, declaredAnnotations=[]}, Parameter{index=7, type=java.lang.String, declaredAnnotations=[]}, Parameter{index=8, type=java.lang.String, declaredAnnotations=[]}, Parameter{index=9, type=java.lang.String, declaredAnnotations=[]}, Parameter{index=10, type=java.lang.String, declaredAnnotations=[]}, Parameter{index=11, type=java.lang.String, declaredAnnotations=[]}, Parameter{index=12, type=java.lang.String, declaredAnnotations=[]}, Parameter{index=13, type=java.lang.String, declaredAnnotations=[]}, Parameter{index=14, type=java.lang.String, declaredAnnotations=[]}])
Arguments: [(java.lang.String) fname,(java.lang.String) lname,(java.lang.String) user002@gmail,(java.lang.String) pass001,(java.lang.String) 1,(java.lang.String) January,(java.lang.String) 1984,(java.lang.String) address1,(java.lang.String) city1,(java.lang.String) Alabama,(java.lang.String) 000025,(java.lang.String) United States,(java.lang.String) 0902477905,(java.lang.String) alias1]
... Removed 19 stack frames]]>
    </failure>
  </testcase> <!-- createNewAccount -->
</testsuite> <!-- Test -->
