<?xml version="1.0" encoding="UTF-8"?>
<testng-results ignored="0" total="0" passed="0" failed="0" skipped="0">
  <reporter-output>
  </reporter-output>
  <suite started-at="2018-06-22T08:02:10Z" name="seleniumwjava.maven.AppTest" finished-at="2018-06-22T08:02:10Z" duration-ms="6">
    <groups>
    </groups>
    <test started-at="2018-06-22T08:02:10Z" name="Command line test" finished-at="2018-06-22T08:02:10Z" duration-ms="6">
    </test> <!-- Command line test -->
  </suite> <!-- seleniumwjava.maven.AppTest -->
</testng-results>
